INFO     Running Petri translator.
INFO     petri_translator stdin: None
INFO     petri_translator time limit: 179.98s
INFO     petri_translator memory limit: 6144 MB
INFO     petri_translator command line string: '/home/martin/Martín/Proyectos/downward/comparative_experiments/.venv/bin/python' '/home/martin/Martín/Proyectos/downward/comparative_experiments/data/experiments/code-928f1514a_bd874d5d/builds/release/bin/translate/petri_translate.py' domain.pddl problem.pddl --sas-file output.sas
Parsing...
Parsing: [0.000s CPU, 0.001s wall-clock]
Normalizing task... [0.000s CPU, 0.000s wall-clock]
Generating Datalog program... [0.010s CPU, 0.001s wall-clock]
Normalizing Datalog program...
Normalizing Datalog program: [0.000s CPU, 0.002s wall-clock]
Preparing model... [0.000s CPU, 0.001s wall-clock]
Generated 38 rules.
Computing model... [0.010s CPU, 0.007s wall-clock]
511 relevant atoms
752 auxiliary atoms
1263 final queue length
1566 total queue pushes
Completing instantiation... [0.000s CPU, 0.005s wall-clock]
Writing output... [0.060s CPU, 0.058s wall-clock]
Done! [0.400s CPU, 0.393s wall-clock]
petri-translate exit code: 0

INFO     Running search (release).
INFO     search stdin: output.sas
INFO     search time limit: 179.56s
INFO     search memory limit: 6144 MB
INFO     search command line string: '/home/martin/Martín/Proyectos/downward/comparative_experiments/data/experiments/code-928f1514a_bd874d5d/builds/release/bin/downward' --search 'astar(operatorcounting(constraint_generators=[state_equation_constraints()]))' --internal-plan-file sas_plan < output.sas
[t=0s, 44572 KB] reading input...
[t=0.0119768s, 45768 KB] done reading input!
[t=0.0132775s, 46756 KB] Initializing constraints from state equation.
[t=0.0182353s, 50852 KB] Building successor generator...done!
[t=0.0201716s, 50852 KB] peak memory difference for successor generator creation: 0 KB
[t=0.0201716s, 50852 KB] time for successor generation creation: 0.00193633s
[t=0.0201716s, 50852 KB] Variables: 184
[t=0.0201716s, 50852 KB] FactPairs: 368
[t=0.0201716s, 50852 KB] Bytes per state: 24
[t=0.0201716s, 50852 KB] Conducting best first search with reopening closed nodes, (real) bound = 2147483647
[t=0.0281183s, 52972 KB] New best heuristic value for operatorcounting(constraint_generators = list(state_equation_constraints)): 1
[t=0.0281183s, 52972 KB] g=0, 1 evaluated, 0 expanded
[t=0.0281183s, 52972 KB] f = 1, 1 evaluated, 0 expanded
[t=0.0281183s, 52972 KB] Initial heuristic value for operatorcounting(constraint_generators = list(state_equation_constraints)): 1
[t=0.0281183s, 52972 KB] pruning method: none
Peak memory: 52972 KB
caught signal 11 -- exiting
search exit code: -11

Driver aborting after search

